<?xml version="1.0" encoding="UTF-8"?>
<!-- Generated by org.testng.reporters.JUnitXMLReporter -->
<testsuite ignored="0" hostname="DESKTOP-R6157P8" failures="0" tests="3" name="Test" time="41.505" errors="0" timestamp="2022-11-15T15:19:08 IST">
  <testcase classname="testpackage.TestActiTimeInvalidLogin" name="invalidLoginToActiTime" time="23.4"/>
  <testcase classname="testpackage.TestActiTimeValidLogin" name="testValidLogin" time="3.622"/>
  <testcase classname="testpackage.TestActiTimeLogout" name="logout" time="3.723"/>
</testsuite> <!-- Test -->
